d:\projects\leveldb\leveldb_cuda\debug\vc142.pdb
d:\projects\leveldb\leveldb_cuda\debug\vc142.idb
d:\projects\leveldb\leveldb_cuda\debug\status.obj
d:\projects\leveldb\leveldb_cuda\debug\parallel_iterator.obj
d:\projects\leveldb\leveldb_cuda\debug\main.obj
d:\projects\leveldb\leveldb_cuda\debug\logging.obj
d:\projects\leveldb\leveldb_cuda\debug\iterator.obj
d:\projects\leveldb\leveldb_cuda\debug\env.obj
d:\projects\leveldb\leveldb_cuda\debug\comparator.obj
d:\projects\leveldb\leveldb_cuda\debug\coding.obj
d:\projects\leveldb\leveldb_cuda\debug\block_builder.obj
d:\projects\leveldb\leveldb_cuda\debug\block.obj
d:\projects\leveldb\leveldb_cuda\debug\leveldb_cuda.exe
d:\projects\leveldb\leveldb_cuda\debug\leveldb_cuda.ilk
d:\projects\leveldb\leveldb_cuda\debug\leveldb_cuda.pdb
d:\projects\leveldb\leveldb_cuda\debug\parallel_iter.cu.cache
d:\projects\leveldb\leveldb_cuda\debug\parallel_iter.cu.obj
d:\projects\leveldb\leveldb_cuda\debug\leveldb_cuda.tlog\cl.command.1.tlog
d:\projects\leveldb\leveldb_cuda\debug\leveldb_cuda.tlog\cl.read.1.tlog
d:\projects\leveldb\leveldb_cuda\debug\leveldb_cuda.tlog\cl.write.1.tlog
d:\projects\leveldb\leveldb_cuda\debug\leveldb_cuda.tlog\cudacompile.read.1u.tlog
d:\projects\leveldb\leveldb_cuda\debug\leveldb_cuda.tlog\cudacompile.write.1u.tlog
d:\projects\leveldb\leveldb_cuda\debug\leveldb_cuda.tlog\link.command.1.tlog
d:\projects\leveldb\leveldb_cuda\debug\leveldb_cuda.tlog\link.read.1.tlog
d:\projects\leveldb\leveldb_cuda\debug\leveldb_cuda.tlog\link.write.1.tlog
