d:\projects\leveldb\leveldb_cuda\release\vc142.pdb
d:\projects\leveldb\leveldb_cuda\release\status.obj
d:\projects\leveldb\leveldb_cuda\release\parallel_iterator.obj
d:\projects\leveldb\leveldb_cuda\release\main.obj
d:\projects\leveldb\leveldb_cuda\release\logging.obj
d:\projects\leveldb\leveldb_cuda\release\iterator.obj
d:\projects\leveldb\leveldb_cuda\release\env.obj
d:\projects\leveldb\leveldb_cuda\release\comparator.obj
d:\projects\leveldb\leveldb_cuda\release\coding.obj
d:\projects\leveldb\leveldb_cuda\release\block_builder.obj
d:\projects\leveldb\leveldb_cuda\release\block.obj
release\parallel_iter.cu.obj
d:\projects\leveldb\leveldb_cuda\release\parallel_iter.cu.cache
d:\projects\leveldb\leveldb_cuda\release\parallel_iter.cu.obj
d:\projects\leveldb\leveldb_cuda\release\leveldb_cuda.tlog\cl.command.1.tlog
d:\projects\leveldb\leveldb_cuda\release\leveldb_cuda.tlog\cl.read.1.tlog
d:\projects\leveldb\leveldb_cuda\release\leveldb_cuda.tlog\cl.write.1.tlog
d:\projects\leveldb\leveldb_cuda\release\leveldb_cuda.tlog\cudacompile.read.1u.tlog
d:\projects\leveldb\leveldb_cuda\release\leveldb_cuda.tlog\cudacompile.write.1u.tlog
d:\projects\leveldb\leveldb_cuda\release\leveldb_cuda.tlog\link.command.1.tlog
d:\projects\leveldb\leveldb_cuda\release\leveldb_cuda.tlog\link.read.1.tlog
d:\projects\leveldb\leveldb_cuda\release\leveldb_cuda.tlog\link.write.1.tlog
